========== Measurement 1 Current consumption / Power supply / BIST function ==========
PASS: ADC ON
PASS: JIG DAC 0PASS: Settings_Vinput = 0[V]
PASS: UV = 0[V](UV-mode)
PASS: TISIDEN = 0[V](Box 1)
PASS: Gain = 0[dB]
PASS: Current_No Sampling = 28[mA] 
PASS: Current_DuringSampling = 38[mA] 
PASS: VP_BIAS_SENSOR = 9166[mV] 
PASS: VP_REF = 1990[mV] 
PASS: VP_SENSOR = 4668[mV] 
PASS: BIST function check
========== Measurement 2 Offset Voltage ==========
PASS: Offset Voltage(CH1) = 641.5[mV] 
PASS: Offset Voltage(CH2) = 645.5[mV] 
PASS: Offset Voltage(CH3) = 646.0[mV] 
PASS: Offset Voltage(CH4) = 645.0[mV] 
PASS: Offset Voltage(CH5) = 640.5[mV] 
========== Measurement 3 Programmable Gain Amplifier ==========
========== Measurement 4 DUV Mode ==========
PASS: DUV Mode(CH1) = 1398.5[mV] 
PASS: DUV Mode(CH2) = 1387.5[mV] 
PASS: DUV Mode(CH3) = 1397.5[mV] 
PASS: DUV Mode(CH4) = 1383.0[mV] 
PASS: DUV Mode(CH5) = 1383.0[mV] 
