========== Measurement 1 Current consumption / Power supply / BIST function ==========
PASS: ADC ON
PASS: JIG DAC 0PASS: Settings_Vinput = 0[V]
PASS: UV = 0[V](UV-mode)
PASS: TISIDEN = 0[V](Box 1)
PASS: Gain = 0[dB]
PASS: Current_No Sampling = 30[mA] 
PASS: Current_DuringSampling = 35[mA] 
PASS: VP_BIAS_SENSOR = 9166[mV] 
PASS: VP_REF = 1990[mV] 
PASS: VP_SENSOR = 4643[mV] 
PASS: BIST function setup
adc tr
BIST status : 0x0
12NC : 4022.634.92021
	 build code: 10
========== Measurement 2 Offset Voltage ==========
PASS: Offset Voltage(CH1) = 618.5[mV] 
PASS: Offset Voltage(CH2) = 622.0[mV] 
PASS: Offset Voltage(CH3) = 621.0[mV] 
PASS: Offset Voltage(CH4) = 620.0[mV] 
PASS: Offset Voltage(CH5) = 615.5[mV] 
========== Measurement 3 Programmable Gain Amplifier ==========
Measure1_CH1 = 618.5[mV] 
Measure1_CH2 = 621.5[mV] 
Measure1_CH3 = 621[mV] 
Measure1_CH4 = 619.5[mV] 
Measure1_CH5 = 615[mV] 
------------------------------
Measure2_CH1 = 254[mV] 
Measure2_CH2 = 261[mV] 
Measure2_CH3 = 262[mV] 
Measure2_CH4 = 262[mV] 
Measure2_CH5 = 258.5[mV] 
------------------------------
Measure3_CH1 = 641.5[mV] 
Measure3_CH2 = 644.5[mV] 
Measure3_CH3 = 644[mV] 
Measure3_CH4 = 642[mV] 
Measure3_CH5 = 637.5[mV] 
------------------------------
Measure4_CH1 = 1489.5[mV] 
Measure4_CH2 = 1497[mV] 
Measure4_CH3 = 1497.5[mV] 
Measure4_CH4 = 1496.5[mV] 
Measure4_CH5 = 1491[mV] 
------------------------------
PASS: Continuously_CH1 = 53[Ratio] 
PASS: Continuously_CH2 = 53[Ratio] 
PASS: Continuously_CH3 = 53[Ratio] 
PASS: Continuously_CH4 = 53[Ratio] 
PASS: Continuously_CH5 = 56[Ratio] 
========== Measurement 4 DUV Mode ==========
PASS: DUV Mode(CH1) = 1396.0[mV] 
PASS: DUV Mode(CH2) = 1385.0[mV] 
PASS: DUV Mode(CH3) = 1394.5[mV] 
PASS: DUV Mode(CH4) = 1381.0[mV] 
PASS: DUV Mode(CH5) = 1381.5[mV] 
