========== Measurement 1 Current consumption / Power supply / BIST function ==========
PASS: ADC ON
PASS: JIG DAC 0PASS: Settings_Vinput = 0[V]
PASS: UV = 0[V](UV-mode)
PASS: TISIDEN = 0[V](Box 1)
PASS: Gain = 0[dB]
PASS: Current_No Sampling = 38[mA] 
PASS: Current_DuringSampling = 45[mA] 
PASS: VP_BIAS_SENSOR = 9120[mV] 
PASS: VP_REF = 1990[mV] 
PASS: VP_SENSOR = 4609[mV] 
PASS: BIST function setup
adc tr
BIST status : 0x0
12NC : 4022.634.92021
	 build code: 10
========== Measurement 2 Offset Voltage ==========
PASS: Offset Voltage(CH1) = 625.0[mV] 
PASS: Offset Voltage(CH2) = 622.5[mV] 
PASS: Offset Voltage(CH3) = 631.0[mV] 
PASS: Offset Voltage(CH4) = 626.5[mV] 
PASS: Offset Voltage(CH5) = 626.5[mV] 
========== Measurement 3 Programmable Gain Amplifier ==========
Measure1_CH1 = 602.5[mV] 
Measure1_CH2 = 600[mV] 
Measure1_CH3 = 608.5[mV] 
Measure1_CH4 = 603.5[mV] 
Measure1_CH5 = 603[mV] 
------------------------------
Measure2_CH1 = 109[mV] 
Measure2_CH2 = 105.5[mV] 
Measure2_CH3 = 120[mV] 
Measure2_CH4 = 116[mV] 
Measure2_CH5 = 114[mV] 
------------------------------
Measure3_CH1 = 625[mV] 
Measure3_CH2 = 622.5[mV] 
Measure3_CH3 = 630.5[mV] 
Measure3_CH4 = 626[mV] 
Measure3_CH5 = 626.5[mV] 
------------------------------
Measure4_CH1 = 1335[mV] 
Measure4_CH2 = 1341[mV] 
Measure4_CH3 = 1337.5[mV] 
Measure4_CH4 = 1345[mV] 
Measure4_CH5 = 1345[mV] 
------------------------------
PASS: Continuously_CH1 = 53[Ratio] 
PASS: Continuously_CH2 = 56[Ratio] 
PASS: Continuously_CH3 = 55[Ratio] 
PASS: Continuously_CH4 = 53[Ratio] 
PASS: Continuously_CH5 = 53[Ratio] 
========== Measurement 4 DUV Mode ==========
PASS: DUV Mode(CH1) = 1367.0[mV] 
PASS: DUV Mode(CH2) = 1370.0[mV] 
PASS: DUV Mode(CH3) = 1371.0[mV] 
PASS: DUV Mode(CH4) = 1372.5[mV] 
PASS: DUV Mode(CH5) = 1369.5[mV] 
